[2016-01-08 00:04:21] local.ERROR: exception 'ErrorException' with message 'PDO::__construct(): php_network_getaddresses: getaddrinfo failed: No such host is known. ' in E:\WebServer\htdocs\creativeArts\vendor\laravel\framework\src\Illuminate\Database\Connectors\Connector.php:55
Stack trace:
#0 [internal function]: Illuminate\Foundation\Bootstrap\HandleExceptions->handleError(2, 'PDO::__construc...', 'E:\\WebServer\\ht...', 55, Array)
#1 E:\WebServer\htdocs\creativeArts\vendor\laravel\framework\src\Illuminate\Database\Connectors\Connector.php(55): PDO->__construct('mysql:host=%hos...', '%mysql_username...', '%mysql_password...', Array)
#2 E:\WebServer\htdocs\creativeArts\vendor\laravel\framework\src\Illuminate\Database\Connectors\MySqlConnector.php(22): Illuminate\Database\Connectors\Connector->createConnection('mysql:host=%hos...', Array, Array)
#3 E:\WebServer\htdocs\creativeArts\vendor\laravel\framework\src\Illuminate\Database\Connectors\ConnectionFactory.php(60): Illuminate\Database\Connectors\MySqlConnector->connect(Array)
#4 E:\WebServer\htdocs\creativeArts\vendor\laravel\framework\src\Illuminate\Database\Connectors\ConnectionFactory.php(49): Illuminate\Database\Connectors\ConnectionFactory->createSingleConnection(Array)
#5 E:\WebServer\htdocs\creativeArts\vendor\laravel\framework\src\Illuminate\Database\DatabaseManager.php(175): Illuminate\Database\Connectors\ConnectionFactory->make(Array, 'mysql')
#6 E:\WebServer\htdocs\creativeArts\vendor\laravel\framework\src\Illuminate\Database\DatabaseManager.php(67): Illuminate\Database\DatabaseManager->makeConnection('mysql')
#7 E:\WebServer\htdocs\creativeArts\vendor\laravel\framework\src\Illuminate\Database\Eloquent\Model.php(3269): Illuminate\Database\DatabaseManager->connection(NULL)
#8 E:\WebServer\htdocs\creativeArts\vendor\laravel\framework\src\Illuminate\Database\Eloquent\Model.php(3235): Illuminate\Database\Eloquent\Model::resolveConnection(NULL)
#9 E:\WebServer\htdocs\creativeArts\vendor\laravel\framework\src\Illuminate\Database\Eloquent\Model.php(1915): Illuminate\Database\Eloquent\Model->getConnection()
#10 E:\WebServer\htdocs\creativeArts\vendor\laravel\framework\src\Illuminate\Database\Eloquent\Model.php(1858): Illuminate\Database\Eloquent\Model->newBaseQueryBuilder()
#11 E:\WebServer\htdocs\creativeArts\vendor\laravel\framework\src\Illuminate\Database\Eloquent\Model.php(1832): Illuminate\Database\Eloquent\Model->newQueryWithoutScopes()
#12 E:\WebServer\htdocs\creativeArts\vendor\laravel\framework\src\Illuminate\Database\Eloquent\Model.php(736): Illuminate\Database\Eloquent\Model->newQuery()
#13 E:\WebServer\htdocs\creativeArts\app\Http\Controllers\DashboardController.php(163): Illuminate\Database\Eloquent\Model::with('role')
#14 [internal function]: App\Http\Controllers\DashboardController->home()
#15 E:\WebServer\htdocs\creativeArts\vendor\laravel\framework\src\Illuminate\Routing\Controller.php(256): call_user_func_array(Array, Array)
#16 E:\WebServer\htdocs\creativeArts\vendor\laravel\framework\src\Illuminate\Routing\ControllerDispatcher.php(164): Illuminate\Routing\Controller->callAction('home', Array)
#17 E:\WebServer\htdocs\creativeArts\vendor\laravel\framework\src\Illuminate\Routing\ControllerDispatcher.php(112): Illuminate\Routing\ControllerDispatcher->call(Object(App\Http\Controllers\DashboardController), Object(Illuminate\Routing\Route), 'home')
#18 [internal function]: Illuminate\Routing\ControllerDispatcher->Illuminate\Routing\{closure}(Object(Illuminate\Http\Request))
#19 E:\WebServer\htdocs\creativeArts\vendor\laravel\framework\src\Illuminate\Pipeline\Pipeline.php(139): call_user_func(Object(Closure), Object(Illuminate\Http\Request))
#20 [internal function]: Illuminate\Pipeline\Pipeline->Illuminate\Pipeline\{closure}(Object(Illuminate\Http\Request))
#21 E:\WebServer\htdocs\creativeArts\vendor\laravel\framework\src\Illuminate\Pipeline\Pipeline.php(103): call_user_func(Object(Closure), Object(Illuminate\Http\Request))
#22 E:\WebServer\htdocs\creativeArts\vendor\laravel\framework\src\Illuminate\Routing\ControllerDispatcher.php(114): Illuminate\Pipeline\Pipeline->then(Object(Closure))
#23 E:\WebServer\htdocs\creativeArts\vendor\laravel\framework\src\Illuminate\Routing\ControllerDispatcher.php(69): Illuminate\Routing\ControllerDispatcher->callWithinStack(Object(App\Http\Controllers\DashboardController), Object(Illuminate\Routing\Route), Object(Illuminate\Http\Request), 'home')
#24 E:\WebServer\htdocs\creativeArts\vendor\laravel\framework\src\Illuminate\Routing\Route.php(203): Illuminate\Routing\ControllerDispatcher->dispatch(Object(Illuminate\Routing\Route), Object(Illuminate\Http\Request), 'App\\Http\\Contro...', 'home')
#25 E:\WebServer\htdocs\creativeArts\vendor\laravel\framework\src\Illuminate\Routing\Route.php(134): Illuminate\Routing\Route->runWithCustomDispatcher(Object(Illuminate\Http\Request))
#26 E:\WebServer\htdocs\creativeArts\vendor\laravel\framework\src\Illuminate\Routing\Router.php(708): Illuminate\Routing\Route->run(Object(Illuminate\Http\Request))
#27 [internal function]: Illuminate\Routing\Router->Illuminate\Routing\{closure}(Object(Illuminate\Http\Request))
#28 E:\WebServer\htdocs\creativeArts\vendor\laravel\framework\src\Illuminate\Pipeline\Pipeline.php(139): call_user_func(Object(Closure), Object(Illuminate\Http\Request))
#29 [internal function]: Illuminate\Pipeline\Pipeline->Illuminate\Pipeline\{closure}(Object(Illuminate\Http\Request))
#30 E:\WebServer\htdocs\creativeArts\vendor\laravel\framework\src\Illuminate\Pipeline\Pipeline.php(103): call_user_func(Object(Closure), Object(Illuminate\Http\Request))
#31 E:\WebServer\htdocs\creativeArts\vendor\laravel\framework\src\Illuminate\Routing\Router.php(710): Illuminate\Pipeline\Pipeline->then(Object(Closure))
#32 E:\WebServer\htdocs\creativeArts\vendor\laravel\framework\src\Illuminate\Routing\Router.php(675): Illuminate\Routing\Router->runRouteWithinStack(Object(Illuminate\Routing\Route), Object(Illuminate\Http\Request))
#33 E:\WebServer\htdocs\creativeArts\vendor\laravel\framework\src\Illuminate\Routing\Router.php(635): Illuminate\Routing\Router->dispatchToRoute(Object(Illuminate\Http\Request))
#34 E:\WebServer\htdocs\creativeArts\vendor\laravel\framework\src\Illuminate\Foundation\Http\Kernel.php(236): Illuminate\Routing\Router->dispatch(Object(Illuminate\Http\Request))
#35 [internal function]: Illuminate\Foundation\Http\Kernel->Illuminate\Foundation\Http\{closure}(Object(Illuminate\Http\Request))
#36 E:\WebServer\htdocs\creativeArts\vendor\laravel\framework\src\Illuminate\Pipeline\Pipeline.php(139): call_user_func(Object(Closure), Object(Illuminate\Http\Request))
#37 E:\WebServer\htdocs\creativeArts\app\Http\Middleware\WMLabMiddleware.php(122): Illuminate\Pipeline\Pipeline->Illuminate\Pipeline\{closure}(Object(Illuminate\Http\Request))
#38 [internal function]: App\Http\Middleware\WMLabMiddleware->handle(Object(Illuminate\Http\Request), Object(Closure))
#39 E:\WebServer\htdocs\creativeArts\vendor\laravel\framework\src\Illuminate\Pipeline\Pipeline.php(124): call_user_func_array(Array, Array)
#40 E:\WebServer\htdocs\creativeArts\vendor\laravel\framework\src\Illuminate\Foundation\Http\Middleware\VerifyCsrfToken.php(50): Illuminate\Pipeline\Pipeline->Illuminate\Pipeline\{closure}(Object(Illuminate\Http\Request))
#41 [internal function]: Illuminate\Foundation\Http\Middleware\VerifyCsrfToken->handle(Object(Illuminate\Http\Request), Object(Closure))
#42 E:\WebServer\htdocs\creativeArts\vendor\laravel\framework\src\Illuminate\Pipeline\Pipeline.php(124): call_user_func_array(Array, Array)
#43 E:\WebServer\htdocs\creativeArts\vendor\laravel\framework\src\Illuminate\View\Middleware\ShareErrorsFromSession.php(49): Illuminate\Pipeline\Pipeline->Illuminate\Pipeline\{closure}(Object(Illuminate\Http\Request))
#44 [internal function]: Illuminate\View\Middleware\ShareErrorsFromSession->handle(Object(Illuminate\Http\Request), Object(Closure))
#45 E:\WebServer\htdocs\creativeArts\vendor\laravel\framework\src\Illuminate\Pipeline\Pipeline.php(124): call_user_func_array(Array, Array)
#46 E:\WebServer\htdocs\creativeArts\vendor\laravel\framework\src\Illuminate\Session\Middleware\StartSession.php(62): Illuminate\Pipeline\Pipeline->Illuminate\Pipeline\{closure}(Object(Illuminate\Http\Request))
#47 [internal function]: Illuminate\Session\Middleware\StartSession->handle(Object(Illuminate\Http\Request), Object(Closure))
#48 E:\WebServer\htdocs\creativeArts\vendor\laravel\framework\src\Illuminate\Pipeline\Pipeline.php(124): call_user_func_array(Array, Array)
#49 E:\WebServer\htdocs\creativeArts\vendor\laravel\framework\src\Illuminate\Cookie\Middleware\AddQueuedCookiesToResponse.php(37): Illuminate\Pipeline\Pipeline->Illuminate\Pipeline\{closure}(Object(Illuminate\Http\Request))
#50 [internal function]: Illuminate\Cookie\Middleware\AddQueuedCookiesToResponse->handle(Object(Illuminate\Http\Request), Object(Closure))
#51 E:\WebServer\htdocs\creativeArts\vendor\laravel\framework\src\Illuminate\Pipeline\Pipeline.php(124): call_user_func_array(Array, Array)
#52 E:\WebServer\htdocs\creativeArts\vendor\laravel\framework\src\Illuminate\Cookie\Middleware\EncryptCookies.php(59): Illuminate\Pipeline\Pipeline->Illuminate\Pipeline\{closure}(Object(Illuminate\Http\Request))
#53 [internal function]: Illuminate\Cookie\Middleware\EncryptCookies->handle(Object(Illuminate\Http\Request), Object(Closure))
#54 E:\WebServer\htdocs\creativeArts\vendor\laravel\framework\src\Illuminate\Pipeline\Pipeline.php(124): call_user_func_array(Array, Array)
#55 E:\WebServer\htdocs\creativeArts\vendor\laravel\framework\src\Illuminate\Foundation\Http\Middleware\CheckForMaintenanceMode.php(44): Illuminate\Pipeline\Pipeline->Illuminate\Pipeline\{closure}(Object(Illuminate\Http\Request))
#56 [internal function]: Illuminate\Foundation\Http\Middleware\CheckForMaintenanceMode->handle(Object(Illuminate\Http\Request), Object(Closure))
#57 E:\WebServer\htdocs\creativeArts\vendor\laravel\framework\src\Illuminate\Pipeline\Pipeline.php(124): call_user_func_array(Array, Array)
#58 [internal function]: Illuminate\Pipeline\Pipeline->Illuminate\Pipeline\{closure}(Object(Illuminate\Http\Request))
#59 E:\WebServer\htdocs\creativeArts\vendor\laravel\framework\src\Illuminate\Pipeline\Pipeline.php(103): call_user_func(Object(Closure), Object(Illuminate\Http\Request))
#60 E:\WebServer\htdocs\creativeArts\vendor\laravel\framework\src\Illuminate\Foundation\Http\Kernel.php(122): Illuminate\Pipeline\Pipeline->then(Object(Closure))
#61 E:\WebServer\htdocs\creativeArts\vendor\laravel\framework\src\Illuminate\Foundation\Http\Kernel.php(87): Illuminate\Foundation\Http\Kernel->sendRequestThroughRouter(Object(Illuminate\Http\Request))
#62 E:\WebServer\htdocs\creativeArts\public\index.php(54): Illuminate\Foundation\Http\Kernel->handle(Object(Illuminate\Http\Request))
#63 {main}

Next exception 'PDOException' with message 'SQLSTATE[HY000] [2002] php_network_getaddresses: getaddrinfo failed: No such host is known. ' in E:\WebServer\htdocs\creativeArts\vendor\laravel\framework\src\Illuminate\Database\Connectors\Connector.php:55
Stack trace:
#0 E:\WebServer\htdocs\creativeArts\vendor\laravel\framework\src\Illuminate\Database\Connectors\Connector.php(0): PDO->__construct()
#1 E:\WebServer\htdocs\creativeArts\vendor\laravel\framework\src\Illuminate\Database\Connectors\MySqlConnector.php(22): Illuminate\Database\Connectors\Connector->createConnection('mysql:host=%hos...', Array, Array)
#2 E:\WebServer\htdocs\creativeArts\vendor\laravel\framework\src\Illuminate\Database\Connectors\ConnectionFactory.php(60): Illuminate\Database\Connectors\MySqlConnector->connect(Array)
#3 E:\WebServer\htdocs\creativeArts\vendor\laravel\framework\src\Illuminate\Database\Connectors\ConnectionFactory.php(49): Illuminate\Database\Connectors\ConnectionFactory->createSingleConnection(Array)
#4 E:\WebServer\htdocs\creativeArts\vendor\laravel\framework\src\Illuminate\Database\DatabaseManager.php(175): Illuminate\Database\Connectors\ConnectionFactory->make(Array, 'mysql')
#5 E:\WebServer\htdocs\creativeArts\vendor\laravel\framework\src\Illuminate\Database\DatabaseManager.php(67): Illuminate\Database\DatabaseManager->makeConnection('mysql')
#6 E:\WebServer\htdocs\creativeArts\vendor\laravel\framework\src\Illuminate\Database\Eloquent\Model.php(3269): Illuminate\Database\DatabaseManager->connection(NULL)
#7 E:\WebServer\htdocs\creativeArts\vendor\laravel\framework\src\Illuminate\Database\Eloquent\Model.php(3235): Illuminate\Database\Eloquent\Model::resolveConnection(NULL)
#8 E:\WebServer\htdocs\creativeArts\vendor\laravel\framework\src\Illuminate\Database\Eloquent\Model.php(1915): Illuminate\Database\Eloquent\Model->getConnection()
#9 E:\WebServer\htdocs\creativeArts\vendor\laravel\framework\src\Illuminate\Database\Eloquent\Model.php(1858): Illuminate\Database\Eloquent\Model->newBaseQueryBuilder()
#10 E:\WebServer\htdocs\creativeArts\vendor\laravel\framework\src\Illuminate\Database\Eloquent\Model.php(1832): Illuminate\Database\Eloquent\Model->newQueryWithoutScopes()
#11 E:\WebServer\htdocs\creativeArts\vendor\laravel\framework\src\Illuminate\Database\Eloquent\Model.php(736): Illuminate\Database\Eloquent\Model->newQuery()
#12 E:\WebServer\htdocs\creativeArts\app\Http\Controllers\DashboardController.php(163): Illuminate\Database\Eloquent\Model::with('role')
#13 [internal function]: App\Http\Controllers\DashboardController->home()
#14 E:\WebServer\htdocs\creativeArts\vendor\laravel\framework\src\Illuminate\Routing\Controller.php(256): call_user_func_array(Array, Array)
#15 E:\WebServer\htdocs\creativeArts\vendor\laravel\framework\src\Illuminate\Routing\ControllerDispatcher.php(164): Illuminate\Routing\Controller->callAction('home', Array)
#16 E:\WebServer\htdocs\creativeArts\vendor\laravel\framework\src\Illuminate\Routing\ControllerDispatcher.php(112): Illuminate\Routing\ControllerDispatcher->call(Object(App\Http\Controllers\DashboardController), Object(Illuminate\Routing\Route), 'home')
#17 [internal function]: Illuminate\Routing\ControllerDispatcher->Illuminate\Routing\{closure}(Object(Illuminate\Http\Request))
#18 E:\WebServer\htdocs\creativeArts\vendor\laravel\framework\src\Illuminate\Pipeline\Pipeline.php(139): call_user_func(Object(Closure), Object(Illuminate\Http\Request))
#19 [internal function]: Illuminate\Pipeline\Pipeline->Illuminate\Pipeline\{closure}(Object(Illuminate\Http\Request))
#20 E:\WebServer\htdocs\creativeArts\vendor\laravel\framework\src\Illuminate\Pipeline\Pipeline.php(103): call_user_func(Object(Closure), Object(Illuminate\Http\Request))
#21 E:\WebServer\htdocs\creativeArts\vendor\laravel\framework\src\Illuminate\Routing\ControllerDispatcher.php(114): Illuminate\Pipeline\Pipeline->then(Object(Closure))
#22 E:\WebServer\htdocs\creativeArts\vendor\laravel\framework\src\Illuminate\Routing\ControllerDispatcher.php(69): Illuminate\Routing\ControllerDispatcher->callWithinStack(Object(App\Http\Controllers\DashboardController), Object(Illuminate\Routing\Route), Object(Illuminate\Http\Request), 'home')
#23 E:\WebServer\htdocs\creativeArts\vendor\laravel\framework\src\Illuminate\Routing\Route.php(203): Illuminate\Routing\ControllerDispatcher->dispatch(Object(Illuminate\Routing\Route), Object(Illuminate\Http\Request), 'App\\Http\\Contro...', 'home')
#24 E:\WebServer\htdocs\creativeArts\vendor\laravel\framework\src\Illuminate\Routing\Route.php(134): Illuminate\Routing\Route->runWithCustomDispatcher(Object(Illuminate\Http\Request))
#25 E:\WebServer\htdocs\creativeArts\vendor\laravel\framework\src\Illuminate\Routing\Router.php(708): Illuminate\Routing\Route->run(Object(Illuminate\Http\Request))
#26 [internal function]: Illuminate\Routing\Router->Illuminate\Routing\{closure}(Object(Illuminate\Http\Request))
#27 E:\WebServer\htdocs\creativeArts\vendor\laravel\framework\src\Illuminate\Pipeline\Pipeline.php(139): call_user_func(Object(Closure), Object(Illuminate\Http\Request))
#28 [internal function]: Illuminate\Pipeline\Pipeline->Illuminate\Pipeline\{closure}(Object(Illuminate\Http\Request))
#29 E:\WebServer\htdocs\creativeArts\vendor\laravel\framework\src\Illuminate\Pipeline\Pipeline.php(103): call_user_func(Object(Closure), Object(Illuminate\Http\Request))
#30 E:\WebServer\htdocs\creativeArts\vendor\laravel\framework\src\Illuminate\Routing\Router.php(710): Illuminate\Pipeline\Pipeline->then(Object(Closure))
#31 E:\WebServer\htdocs\creativeArts\vendor\laravel\framework\src\Illuminate\Routing\Router.php(675): Illuminate\Routing\Router->runRouteWithinStack(Object(Illuminate\Routing\Route), Object(Illuminate\Http\Request))
#32 E:\WebServer\htdocs\creativeArts\vendor\laravel\framework\src\Illuminate\Routing\Router.php(635): Illuminate\Routing\Router->dispatchToRoute(Object(Illuminate\Http\Request))
#33 E:\WebServer\htdocs\creativeArts\vendor\laravel\framework\src\Illuminate\Foundation\Http\Kernel.php(236): Illuminate\Routing\Router->dispatch(Object(Illuminate\Http\Request))
#34 [internal function]: Illuminate\Foundation\Http\Kernel->Illuminate\Foundation\Http\{closure}(Object(Illuminate\Http\Request))
#35 E:\WebServer\htdocs\creativeArts\vendor\laravel\framework\src\Illuminate\Pipeline\Pipeline.php(139): call_user_func(Object(Closure), Object(Illuminate\Http\Request))
#36 E:\WebServer\htdocs\creativeArts\app\Http\Middleware\WMLabMiddleware.php(122): Illuminate\Pipeline\Pipeline->Illuminate\Pipeline\{closure}(Object(Illuminate\Http\Request))
#37 [internal function]: App\Http\Middleware\WMLabMiddleware->handle(Object(Illuminate\Http\Request), Object(Closure))
#38 E:\WebServer\htdocs\creativeArts\vendor\laravel\framework\src\Illuminate\Pipeline\Pipeline.php(124): call_user_func_array(Array, Array)
#39 E:\WebServer\htdocs\creativeArts\vendor\laravel\framework\src\Illuminate\Foundation\Http\Middleware\VerifyCsrfToken.php(50): Illuminate\Pipeline\Pipeline->Illuminate\Pipeline\{closure}(Object(Illuminate\Http\Request))
#40 [internal function]: Illuminate\Foundation\Http\Middleware\VerifyCsrfToken->handle(Object(Illuminate\Http\Request), Object(Closure))
#41 E:\WebServer\htdocs\creativeArts\vendor\laravel\framework\src\Illuminate\Pipeline\Pipeline.php(124): call_user_func_array(Array, Array)
#42 E:\WebServer\htdocs\creativeArts\vendor\laravel\framework\src\Illuminate\View\Middleware\ShareErrorsFromSession.php(49): Illuminate\Pipeline\Pipeline->Illuminate\Pipeline\{closure}(Object(Illuminate\Http\Request))
#43 [internal function]: Illuminate\View\Middleware\ShareErrorsFromSession->handle(Object(Illuminate\Http\Request), Object(Closure))
#44 E:\WebServer\htdocs\creativeArts\vendor\laravel\framework\src\Illuminate\Pipeline\Pipeline.php(124): call_user_func_array(Array, Array)
#45 E:\WebServer\htdocs\creativeArts\vendor\laravel\framework\src\Illuminate\Session\Middleware\StartSession.php(62): Illuminate\Pipeline\Pipeline->Illuminate\Pipeline\{closure}(Object(Illuminate\Http\Request))
#46 [internal function]: Illuminate\Session\Middleware\StartSession->handle(Object(Illuminate\Http\Request), Object(Closure))
#47 E:\WebServer\htdocs\creativeArts\vendor\laravel\framework\src\Illuminate\Pipeline\Pipeline.php(124): call_user_func_array(Array, Array)
#48 E:\WebServer\htdocs\creativeArts\vendor\laravel\framework\src\Illuminate\Cookie\Middleware\AddQueuedCookiesToResponse.php(37): Illuminate\Pipeline\Pipeline->Illuminate\Pipeline\{closure}(Object(Illuminate\Http\Request))
#49 [internal function]: Illuminate\Cookie\Middleware\AddQueuedCookiesToResponse->handle(Object(Illuminate\Http\Request), Object(Closure))
#50 E:\WebServer\htdocs\creativeArts\vendor\laravel\framework\src\Illuminate\Pipeline\Pipeline.php(124): call_user_func_array(Array, Array)
#51 E:\WebServer\htdocs\creativeArts\vendor\laravel\framework\src\Illuminate\Cookie\Middleware\EncryptCookies.php(59): Illuminate\Pipeline\Pipeline->Illuminate\Pipeline\{closure}(Object(Illuminate\Http\Request))
#52 [internal function]: Illuminate\Cookie\Middleware\EncryptCookies->handle(Object(Illuminate\Http\Request), Object(Closure))
#53 E:\WebServer\htdocs\creativeArts\vendor\laravel\framework\src\Illuminate\Pipeline\Pipeline.php(124): call_user_func_array(Array, Array)
#54 E:\WebServer\htdocs\creativeArts\vendor\laravel\framework\src\Illuminate\Foundation\Http\Middleware\CheckForMaintenanceMode.php(44): Illuminate\Pipeline\Pipeline->Illuminate\Pipeline\{closure}(Object(Illuminate\Http\Request))
#55 [internal function]: Illuminate\Foundation\Http\Middleware\CheckForMaintenanceMode->handle(Object(Illuminate\Http\Request), Object(Closure))
#56 E:\WebServer\htdocs\creativeArts\vendor\laravel\framework\src\Illuminate\Pipeline\Pipeline.php(124): call_user_func_array(Array, Array)
#57 [internal function]: Illuminate\Pipeline\Pipeline->Illuminate\Pipeline\{closure}(Object(Illuminate\Http\Request))
#58 E:\WebServer\htdocs\creativeArts\vendor\laravel\framework\src\Illuminate\Pipeline\Pipeline.php(103): call_user_func(Object(Closure), Object(Illuminate\Http\Request))
#59 E:\WebServer\htdocs\creativeArts\vendor\laravel\framework\src\Illuminate\Foundation\Http\Kernel.php(122): Illuminate\Pipeline\Pipeline->then(Object(Closure))
#60 E:\WebServer\htdocs\creativeArts\vendor\laravel\framework\src\Illuminate\Foundation\Http\Kernel.php(87): Illuminate\Foundation\Http\Kernel->sendRequestThroughRouter(Object(Illuminate\Http\Request))
#61 E:\WebServer\htdocs\creativeArts\public\index.php(54): Illuminate\Foundation\Http\Kernel->handle(Object(Illuminate\Http\Request))
#62 {main}  
[2016-01-07 18:52:27] local.ERROR: exception 'PDOException' with message 'SQLSTATE[42S02]: Base table or view not found: 1146 Table 'creativearts.pages' doesn't exist' in E:\WebServer\htdocs\creativeArts\vendor\laravel\framework\src\Illuminate\Database\Connection.php:319
Stack trace:
#0 E:\WebServer\htdocs\creativeArts\vendor\laravel\framework\src\Illuminate\Database\Connection.php(319): PDO->prepare('select * from `...')
#1 E:\WebServer\htdocs\creativeArts\vendor\laravel\framework\src\Illuminate\Database\Connection.php(644): Illuminate\Database\Connection->Illuminate\Database\{closure}(Object(Illuminate\Database\MySqlConnection), 'select * from `...', Array)
#2 E:\WebServer\htdocs\creativeArts\vendor\laravel\framework\src\Illuminate\Database\Connection.php(611): Illuminate\Database\Connection->runQueryCallback('select * from `...', Array, Object(Closure))
#3 E:\WebServer\htdocs\creativeArts\vendor\laravel\framework\src\Illuminate\Database\Connection.php(324): Illuminate\Database\Connection->run('select * from `...', Array, Object(Closure))
#4 E:\WebServer\htdocs\creativeArts\vendor\laravel\framework\src\Illuminate\Database\Query\Builder.php(1406): Illuminate\Database\Connection->select('select * from `...', Array, true)
#5 E:\WebServer\htdocs\creativeArts\vendor\laravel\framework\src\Illuminate\Database\Query\Builder.php(1383): Illuminate\Database\Query\Builder->runSelect()
#6 E:\WebServer\htdocs\creativeArts\vendor\laravel\framework\src\Illuminate\Database\Eloquent\Builder.php(409): Illuminate\Database\Query\Builder->get(Array)
#7 E:\WebServer\htdocs\creativeArts\vendor\laravel\framework\src\Illuminate\Database\Eloquent\Builder.php(168): Illuminate\Database\Eloquent\Builder->getModels(Array)
#8 E:\WebServer\htdocs\creativeArts\app\Http\Middleware\WMLabMiddleware.php(72): Illuminate\Database\Eloquent\Builder->get()
#9 [internal function]: App\Http\Middleware\WMLabMiddleware->handle(Object(Illuminate\Http\Request), Object(Closure))
#10 E:\WebServer\htdocs\creativeArts\vendor\laravel\framework\src\Illuminate\Pipeline\Pipeline.php(124): call_user_func_array(Array, Array)
#11 E:\WebServer\htdocs\creativeArts\vendor\laravel\framework\src\Illuminate\Foundation\Http\Middleware\VerifyCsrfToken.php(50): Illuminate\Pipeline\Pipeline->Illuminate\Pipeline\{closure}(Object(Illuminate\Http\Request))
#12 [internal function]: Illuminate\Foundation\Http\Middleware\VerifyCsrfToken->handle(Object(Illuminate\Http\Request), Object(Closure))
#13 E:\WebServer\htdocs\creativeArts\vendor\laravel\framework\src\Illuminate\Pipeline\Pipeline.php(124): call_user_func_array(Array, Array)
#14 E:\WebServer\htdocs\creativeArts\vendor\laravel\framework\src\Illuminate\View\Middleware\ShareErrorsFromSession.php(49): Illuminate\Pipeline\Pipeline->Illuminate\Pipeline\{closure}(Object(Illuminate\Http\Request))
#15 [internal function]: Illuminate\View\Middleware\ShareErrorsFromSession->handle(Object(Illuminate\Http\Request), Object(Closure))
#16 E:\WebServer\htdocs\creativeArts\vendor\laravel\framework\src\Illuminate\Pipeline\Pipeline.php(124): call_user_func_array(Array, Array)
#17 E:\WebServer\htdocs\creativeArts\vendor\laravel\framework\src\Illuminate\Session\Middleware\StartSession.php(62): Illuminate\Pipeline\Pipeline->Illuminate\Pipeline\{closure}(Object(Illuminate\Http\Request))
#18 [internal function]: Illuminate\Session\Middleware\StartSession->handle(Object(Illuminate\Http\Request), Object(Closure))
#19 E:\WebServer\htdocs\creativeArts\vendor\laravel\framework\src\Illuminate\Pipeline\Pipeline.php(124): call_user_func_array(Array, Array)
#20 E:\WebServer\htdocs\creativeArts\vendor\laravel\framework\src\Illuminate\Cookie\Middleware\AddQueuedCookiesToResponse.php(37): Illuminate\Pipeline\Pipeline->Illuminate\Pipeline\{closure}(Object(Illuminate\Http\Request))
#21 [internal function]: Illuminate\Cookie\Middleware\AddQueuedCookiesToResponse->handle(Object(Illuminate\Http\Request), Object(Closure))
#22 E:\WebServer\htdocs\creativeArts\vendor\laravel\framework\src\Illuminate\Pipeline\Pipeline.php(124): call_user_func_array(Array, Array)
#23 E:\WebServer\htdocs\creativeArts\vendor\laravel\framework\src\Illuminate\Cookie\Middleware\EncryptCookies.php(59): Illuminate\Pipeline\Pipeline->Illuminate\Pipeline\{closure}(Object(Illuminate\Http\Request))
#24 [internal function]: Illuminate\Cookie\Middleware\EncryptCookies->handle(Object(Illuminate\Http\Request), Object(Closure))
#25 E:\WebServer\htdocs\creativeArts\vendor\laravel\framework\src\Illuminate\Pipeline\Pipeline.php(124): call_user_func_array(Array, Array)
#26 E:\WebServer\htdocs\creativeArts\vendor\laravel\framework\src\Illuminate\Foundation\Http\Middleware\CheckForMaintenanceMode.php(44): Illuminate\Pipeline\Pipeline->Illuminate\Pipeline\{closure}(Object(Illuminate\Http\Request))
#27 [internal function]: Illuminate\Foundation\Http\Middleware\CheckForMaintenanceMode->handle(Object(Illuminate\Http\Request), Object(Closure))
#28 E:\WebServer\htdocs\creativeArts\vendor\laravel\framework\src\Illuminate\Pipeline\Pipeline.php(124): call_user_func_array(Array, Array)
#29 [internal function]: Illuminate\Pipeline\Pipeline->Illuminate\Pipeline\{closure}(Object(Illuminate\Http\Request))
#30 E:\WebServer\htdocs\creativeArts\vendor\laravel\framework\src\Illuminate\Pipeline\Pipeline.php(103): call_user_func(Object(Closure), Object(Illuminate\Http\Request))
#31 E:\WebServer\htdocs\creativeArts\vendor\laravel\framework\src\Illuminate\Foundation\Http\Kernel.php(122): Illuminate\Pipeline\Pipeline->then(Object(Closure))
#32 E:\WebServer\htdocs\creativeArts\vendor\laravel\framework\src\Illuminate\Foundation\Http\Kernel.php(87): Illuminate\Foundation\Http\Kernel->sendRequestThroughRouter(Object(Illuminate\Http\Request))
#33 E:\WebServer\htdocs\creativeArts\public\index.php(54): Illuminate\Foundation\Http\Kernel->handle(Object(Illuminate\Http\Request))
#34 {main}

Next exception 'Illuminate\Database\QueryException' with message 'SQLSTATE[42S02]: Base table or view not found: 1146 Table 'creativearts.pages' doesn't exist (SQL: select * from `pages` where `published` = 1 and `sign_in_only` = 0)' in E:\WebServer\htdocs\creativeArts\vendor\laravel\framework\src\Illuminate\Database\Connection.php:651
Stack trace:
#0 E:\WebServer\htdocs\creativeArts\vendor\laravel\framework\src\Illuminate\Database\Connection.php(611): Illuminate\Database\Connection->runQueryCallback('select * from `...', Array, Object(Closure))
#1 E:\WebServer\htdocs\creativeArts\vendor\laravel\framework\src\Illuminate\Database\Connection.php(324): Illuminate\Database\Connection->run('select * from `...', Array, Object(Closure))
#2 E:\WebServer\htdocs\creativeArts\vendor\laravel\framework\src\Illuminate\Database\Query\Builder.php(1406): Illuminate\Database\Connection->select('select * from `...', Array, true)
#3 E:\WebServer\htdocs\creativeArts\vendor\laravel\framework\src\Illuminate\Database\Query\Builder.php(1383): Illuminate\Database\Query\Builder->runSelect()
#4 E:\WebServer\htdocs\creativeArts\vendor\laravel\framework\src\Illuminate\Database\Eloquent\Builder.php(409): Illuminate\Database\Query\Builder->get(Array)
#5 E:\WebServer\htdocs\creativeArts\vendor\laravel\framework\src\Illuminate\Database\Eloquent\Builder.php(168): Illuminate\Database\Eloquent\Builder->getModels(Array)
#6 E:\WebServer\htdocs\creativeArts\app\Http\Middleware\WMLabMiddleware.php(72): Illuminate\Database\Eloquent\Builder->get()
#7 [internal function]: App\Http\Middleware\WMLabMiddleware->handle(Object(Illuminate\Http\Request), Object(Closure))
#8 E:\WebServer\htdocs\creativeArts\vendor\laravel\framework\src\Illuminate\Pipeline\Pipeline.php(124): call_user_func_array(Array, Array)
#9 E:\WebServer\htdocs\creativeArts\vendor\laravel\framework\src\Illuminate\Foundation\Http\Middleware\VerifyCsrfToken.php(50): Illuminate\Pipeline\Pipeline->Illuminate\Pipeline\{closure}(Object(Illuminate\Http\Request))
#10 [internal function]: Illuminate\Foundation\Http\Middleware\VerifyCsrfToken->handle(Object(Illuminate\Http\Request), Object(Closure))
#11 E:\WebServer\htdocs\creativeArts\vendor\laravel\framework\src\Illuminate\Pipeline\Pipeline.php(124): call_user_func_array(Array, Array)
#12 E:\WebServer\htdocs\creativeArts\vendor\laravel\framework\src\Illuminate\View\Middleware\ShareErrorsFromSession.php(49): Illuminate\Pipeline\Pipeline->Illuminate\Pipeline\{closure}(Object(Illuminate\Http\Request))
#13 [internal function]: Illuminate\View\Middleware\ShareErrorsFromSession->handle(Object(Illuminate\Http\Request), Object(Closure))
#14 E:\WebServer\htdocs\creativeArts\vendor\laravel\framework\src\Illuminate\Pipeline\Pipeline.php(124): call_user_func_array(Array, Array)
#15 E:\WebServer\htdocs\creativeArts\vendor\laravel\framework\src\Illuminate\Session\Middleware\StartSession.php(62): Illuminate\Pipeline\Pipeline->Illuminate\Pipeline\{closure}(Object(Illuminate\Http\Request))
#16 [internal function]: Illuminate\Session\Middleware\StartSession->handle(Object(Illuminate\Http\Request), Object(Closure))
#17 E:\WebServer\htdocs\creativeArts\vendor\laravel\framework\src\Illuminate\Pipeline\Pipeline.php(124): call_user_func_array(Array, Array)
#18 E:\WebServer\htdocs\creativeArts\vendor\laravel\framework\src\Illuminate\Cookie\Middleware\AddQueuedCookiesToResponse.php(37): Illuminate\Pipeline\Pipeline->Illuminate\Pipeline\{closure}(Object(Illuminate\Http\Request))
#19 [internal function]: Illuminate\Cookie\Middleware\AddQueuedCookiesToResponse->handle(Object(Illuminate\Http\Request), Object(Closure))
#20 E:\WebServer\htdocs\creativeArts\vendor\laravel\framework\src\Illuminate\Pipeline\Pipeline.php(124): call_user_func_array(Array, Array)
#21 E:\WebServer\htdocs\creativeArts\vendor\laravel\framework\src\Illuminate\Cookie\Middleware\EncryptCookies.php(59): Illuminate\Pipeline\Pipeline->Illuminate\Pipeline\{closure}(Object(Illuminate\Http\Request))
#22 [internal function]: Illuminate\Cookie\Middleware\EncryptCookies->handle(Object(Illuminate\Http\Request), Object(Closure))
#23 E:\WebServer\htdocs\creativeArts\vendor\laravel\framework\src\Illuminate\Pipeline\Pipeline.php(124): call_user_func_array(Array, Array)
#24 E:\WebServer\htdocs\creativeArts\vendor\laravel\framework\src\Illuminate\Foundation\Http\Middleware\CheckForMaintenanceMode.php(44): Illuminate\Pipeline\Pipeline->Illuminate\Pipeline\{closure}(Object(Illuminate\Http\Request))
#25 [internal function]: Illuminate\Foundation\Http\Middleware\CheckForMaintenanceMode->handle(Object(Illuminate\Http\Request), Object(Closure))
#26 E:\WebServer\htdocs\creativeArts\vendor\laravel\framework\src\Illuminate\Pipeline\Pipeline.php(124): call_user_func_array(Array, Array)
#27 [internal function]: Illuminate\Pipeline\Pipeline->Illuminate\Pipeline\{closure}(Object(Illuminate\Http\Request))
#28 E:\WebServer\htdocs\creativeArts\vendor\laravel\framework\src\Illuminate\Pipeline\Pipeline.php(103): call_user_func(Object(Closure), Object(Illuminate\Http\Request))
#29 E:\WebServer\htdocs\creativeArts\vendor\laravel\framework\src\Illuminate\Foundation\Http\Kernel.php(122): Illuminate\Pipeline\Pipeline->then(Object(Closure))
#30 E:\WebServer\htdocs\creativeArts\vendor\laravel\framework\src\Illuminate\Foundation\Http\Kernel.php(87): Illuminate\Foundation\Http\Kernel->sendRequestThroughRouter(Object(Illuminate\Http\Request))
#31 E:\WebServer\htdocs\creativeArts\public\index.php(54): Illuminate\Foundation\Http\Kernel->handle(Object(Illuminate\Http\Request))
#32 {main}  
[2016-01-08 00:23:25] local.ERROR: exception 'ErrorException' with message 'PDO::__construct(): php_network_getaddresses: getaddrinfo failed: No such host is known. ' in E:\WebServer\htdocs\creativeArts\vendor\laravel\framework\src\Illuminate\Database\Connectors\Connector.php:55
Stack trace:
#0 [internal function]: Illuminate\Foundation\Bootstrap\HandleExceptions->handleError(2, 'PDO::__construc...', 'E:\\WebServer\\ht...', 55, Array)
#1 E:\WebServer\htdocs\creativeArts\vendor\laravel\framework\src\Illuminate\Database\Connectors\Connector.php(55): PDO->__construct('mysql:host=%hos...', '%mysql_username...', '%mysql_password...', Array)
#2 E:\WebServer\htdocs\creativeArts\vendor\laravel\framework\src\Illuminate\Database\Connectors\MySqlConnector.php(22): Illuminate\Database\Connectors\Connector->createConnection('mysql:host=%hos...', Array, Array)
#3 E:\WebServer\htdocs\creativeArts\vendor\laravel\framework\src\Illuminate\Database\Connectors\ConnectionFactory.php(60): Illuminate\Database\Connectors\MySqlConnector->connect(Array)
#4 E:\WebServer\htdocs\creativeArts\vendor\laravel\framework\src\Illuminate\Database\Connectors\ConnectionFactory.php(49): Illuminate\Database\Connectors\ConnectionFactory->createSingleConnection(Array)
#5 E:\WebServer\htdocs\creativeArts\vendor\laravel\framework\src\Illuminate\Database\DatabaseManager.php(175): Illuminate\Database\Connectors\ConnectionFactory->make(Array, 'mysql')
#6 E:\WebServer\htdocs\creativeArts\vendor\laravel\framework\src\Illuminate\Database\DatabaseManager.php(67): Illuminate\Database\DatabaseManager->makeConnection('mysql')
#7 E:\WebServer\htdocs\creativeArts\vendor\laravel\framework\src\Illuminate\Database\Eloquent\Model.php(3269): Illuminate\Database\DatabaseManager->connection(NULL)
#8 E:\WebServer\htdocs\creativeArts\vendor\laravel\framework\src\Illuminate\Database\Eloquent\Model.php(3235): Illuminate\Database\Eloquent\Model::resolveConnection(NULL)
#9 E:\WebServer\htdocs\creativeArts\vendor\laravel\framework\src\Illuminate\Database\Eloquent\Model.php(1915): Illuminate\Database\Eloquent\Model->getConnection()
#10 E:\WebServer\htdocs\creativeArts\vendor\laravel\framework\src\Illuminate\Database\Eloquent\Model.php(1858): Illuminate\Database\Eloquent\Model->newBaseQueryBuilder()
#11 E:\WebServer\htdocs\creativeArts\vendor\laravel\framework\src\Illuminate\Database\Eloquent\Model.php(1832): Illuminate\Database\Eloquent\Model->newQueryWithoutScopes()
#12 E:\WebServer\htdocs\creativeArts\vendor\laravel\framework\src\Illuminate\Database\Eloquent\Model.php(736): Illuminate\Database\Eloquent\Model->newQuery()
#13 E:\WebServer\htdocs\creativeArts\app\Http\Controllers\DashboardController.php(163): Illuminate\Database\Eloquent\Model::with('role')
#14 [internal function]: App\Http\Controllers\DashboardController->home()
#15 E:\WebServer\htdocs\creativeArts\vendor\laravel\framework\src\Illuminate\Routing\Controller.php(256): call_user_func_array(Array, Array)
#16 E:\WebServer\htdocs\creativeArts\vendor\laravel\framework\src\Illuminate\Routing\ControllerDispatcher.php(164): Illuminate\Routing\Controller->callAction('home', Array)
#17 E:\WebServer\htdocs\creativeArts\vendor\laravel\framework\src\Illuminate\Routing\ControllerDispatcher.php(112): Illuminate\Routing\ControllerDispatcher->call(Object(App\Http\Controllers\DashboardController), Object(Illuminate\Routing\Route), 'home')
#18 [internal function]: Illuminate\Routing\ControllerDispatcher->Illuminate\Routing\{closure}(Object(Illuminate\Http\Request))
#19 E:\WebServer\htdocs\creativeArts\vendor\laravel\framework\src\Illuminate\Pipeline\Pipeline.php(139): call_user_func(Object(Closure), Object(Illuminate\Http\Request))
#20 [internal function]: Illuminate\Pipeline\Pipeline->Illuminate\Pipeline\{closure}(Object(Illuminate\Http\Request))
#21 E:\WebServer\htdocs\creativeArts\vendor\laravel\framework\src\Illuminate\Pipeline\Pipeline.php(103): call_user_func(Object(Closure), Object(Illuminate\Http\Request))
#22 E:\WebServer\htdocs\creativeArts\vendor\laravel\framework\src\Illuminate\Routing\ControllerDispatcher.php(114): Illuminate\Pipeline\Pipeline->then(Object(Closure))
#23 E:\WebServer\htdocs\creativeArts\vendor\laravel\framework\src\Illuminate\Routing\ControllerDispatcher.php(69): Illuminate\Routing\ControllerDispatcher->callWithinStack(Object(App\Http\Controllers\DashboardController), Object(Illuminate\Routing\Route), Object(Illuminate\Http\Request), 'home')
#24 E:\WebServer\htdocs\creativeArts\vendor\laravel\framework\src\Illuminate\Routing\Route.php(203): Illuminate\Routing\ControllerDispatcher->dispatch(Object(Illuminate\Routing\Route), Object(Illuminate\Http\Request), 'App\\Http\\Contro...', 'home')
#25 E:\WebServer\htdocs\creativeArts\vendor\laravel\framework\src\Illuminate\Routing\Route.php(134): Illuminate\Routing\Route->runWithCustomDispatcher(Object(Illuminate\Http\Request))
#26 E:\WebServer\htdocs\creativeArts\vendor\laravel\framework\src\Illuminate\Routing\Router.php(708): Illuminate\Routing\Route->run(Object(Illuminate\Http\Request))
#27 [internal function]: Illuminate\Routing\Router->Illuminate\Routing\{closure}(Object(Illuminate\Http\Request))
#28 E:\WebServer\htdocs\creativeArts\vendor\laravel\framework\src\Illuminate\Pipeline\Pipeline.php(139): call_user_func(Object(Closure), Object(Illuminate\Http\Request))
#29 [internal function]: Illuminate\Pipeline\Pipeline->Illuminate\Pipeline\{closure}(Object(Illuminate\Http\Request))
#30 E:\WebServer\htdocs\creativeArts\vendor\laravel\framework\src\Illuminate\Pipeline\Pipeline.php(103): call_user_func(Object(Closure), Object(Illuminate\Http\Request))
#31 E:\WebServer\htdocs\creativeArts\vendor\laravel\framework\src\Illuminate\Routing\Router.php(710): Illuminate\Pipeline\Pipeline->then(Object(Closure))
#32 E:\WebServer\htdocs\creativeArts\vendor\laravel\framework\src\Illuminate\Routing\Router.php(675): Illuminate\Routing\Router->runRouteWithinStack(Object(Illuminate\Routing\Route), Object(Illuminate\Http\Request))
#33 E:\WebServer\htdocs\creativeArts\vendor\laravel\framework\src\Illuminate\Routing\Router.php(635): Illuminate\Routing\Router->dispatchToRoute(Object(Illuminate\Http\Request))
#34 E:\WebServer\htdocs\creativeArts\vendor\laravel\framework\src\Illuminate\Foundation\Http\Kernel.php(236): Illuminate\Routing\Router->dispatch(Object(Illuminate\Http\Request))
#35 [internal function]: Illuminate\Foundation\Http\Kernel->Illuminate\Foundation\Http\{closure}(Object(Illuminate\Http\Request))
#36 E:\WebServer\htdocs\creativeArts\vendor\laravel\framework\src\Illuminate\Pipeline\Pipeline.php(139): call_user_func(Object(Closure), Object(Illuminate\Http\Request))
#37 E:\WebServer\htdocs\creativeArts\app\Http\Middleware\WMLabMiddleware.php(122): Illuminate\Pipeline\Pipeline->Illuminate\Pipeline\{closure}(Object(Illuminate\Http\Request))
#38 [internal function]: App\Http\Middleware\WMLabMiddleware->handle(Object(Illuminate\Http\Request), Object(Closure))
#39 E:\WebServer\htdocs\creativeArts\vendor\laravel\framework\src\Illuminate\Pipeline\Pipeline.php(124): call_user_func_array(Array, Array)
#40 E:\WebServer\htdocs\creativeArts\vendor\laravel\framework\src\Illuminate\Foundation\Http\Middleware\VerifyCsrfToken.php(50): Illuminate\Pipeline\Pipeline->Illuminate\Pipeline\{closure}(Object(Illuminate\Http\Request))
#41 [internal function]: Illuminate\Foundation\Http\Middleware\VerifyCsrfToken->handle(Object(Illuminate\Http\Request), Object(Closure))
#42 E:\WebServer\htdocs\creativeArts\vendor\laravel\framework\src\Illuminate\Pipeline\Pipeline.php(124): call_user_func_array(Array, Array)
#43 E:\WebServer\htdocs\creativeArts\vendor\laravel\framework\src\Illuminate\View\Middleware\ShareErrorsFromSession.php(49): Illuminate\Pipeline\Pipeline->Illuminate\Pipeline\{closure}(Object(Illuminate\Http\Request))
#44 [internal function]: Illuminate\View\Middleware\ShareErrorsFromSession->handle(Object(Illuminate\Http\Request), Object(Closure))
#45 E:\WebServer\htdocs\creativeArts\vendor\laravel\framework\src\Illuminate\Pipeline\Pipeline.php(124): call_user_func_array(Array, Array)
#46 E:\WebServer\htdocs\creativeArts\vendor\laravel\framework\src\Illuminate\Session\Middleware\StartSession.php(62): Illuminate\Pipeline\Pipeline->Illuminate\Pipeline\{closure}(Object(Illuminate\Http\Request))
#47 [internal function]: Illuminate\Session\Middleware\StartSession->handle(Object(Illuminate\Http\Request), Object(Closure))
#48 E:\WebServer\htdocs\creativeArts\vendor\laravel\framework\src\Illuminate\Pipeline\Pipeline.php(124): call_user_func_array(Array, Array)
#49 E:\WebServer\htdocs\creativeArts\vendor\laravel\framework\src\Illuminate\Cookie\Middleware\AddQueuedCookiesToResponse.php(37): Illuminate\Pipeline\Pipeline->Illuminate\Pipeline\{closure}(Object(Illuminate\Http\Request))
#50 [internal function]: Illuminate\Cookie\Middleware\AddQueuedCookiesToResponse->handle(Object(Illuminate\Http\Request), Object(Closure))
#51 E:\WebServer\htdocs\creativeArts\vendor\laravel\framework\src\Illuminate\Pipeline\Pipeline.php(124): call_user_func_array(Array, Array)
#52 E:\WebServer\htdocs\creativeArts\vendor\laravel\framework\src\Illuminate\Cookie\Middleware\EncryptCookies.php(59): Illuminate\Pipeline\Pipeline->Illuminate\Pipeline\{closure}(Object(Illuminate\Http\Request))
#53 [internal function]: Illuminate\Cookie\Middleware\EncryptCookies->handle(Object(Illuminate\Http\Request), Object(Closure))
#54 E:\WebServer\htdocs\creativeArts\vendor\laravel\framework\src\Illuminate\Pipeline\Pipeline.php(124): call_user_func_array(Array, Array)
#55 E:\WebServer\htdocs\creativeArts\vendor\laravel\framework\src\Illuminate\Foundation\Http\Middleware\CheckForMaintenanceMode.php(44): Illuminate\Pipeline\Pipeline->Illuminate\Pipeline\{closure}(Object(Illuminate\Http\Request))
#56 [internal function]: Illuminate\Foundation\Http\Middleware\CheckForMaintenanceMode->handle(Object(Illuminate\Http\Request), Object(Closure))
#57 E:\WebServer\htdocs\creativeArts\vendor\laravel\framework\src\Illuminate\Pipeline\Pipeline.php(124): call_user_func_array(Array, Array)
#58 [internal function]: Illuminate\Pipeline\Pipeline->Illuminate\Pipeline\{closure}(Object(Illuminate\Http\Request))
#59 E:\WebServer\htdocs\creativeArts\vendor\laravel\framework\src\Illuminate\Pipeline\Pipeline.php(103): call_user_func(Object(Closure), Object(Illuminate\Http\Request))
#60 E:\WebServer\htdocs\creativeArts\vendor\laravel\framework\src\Illuminate\Foundation\Http\Kernel.php(122): Illuminate\Pipeline\Pipeline->then(Object(Closure))
#61 E:\WebServer\htdocs\creativeArts\vendor\laravel\framework\src\Illuminate\Foundation\Http\Kernel.php(87): Illuminate\Foundation\Http\Kernel->sendRequestThroughRouter(Object(Illuminate\Http\Request))
#62 E:\WebServer\htdocs\creativeArts\public\index.php(54): Illuminate\Foundation\Http\Kernel->handle(Object(Illuminate\Http\Request))
#63 {main}

Next exception 'PDOException' with message 'SQLSTATE[HY000] [2002] php_network_getaddresses: getaddrinfo failed: No such host is known. ' in E:\WebServer\htdocs\creativeArts\vendor\laravel\framework\src\Illuminate\Database\Connectors\Connector.php:55
Stack trace:
#0 E:\WebServer\htdocs\creativeArts\vendor\laravel\framework\src\Illuminate\Database\Connectors\Connector.php(0): PDO->__construct()
#1 E:\WebServer\htdocs\creativeArts\vendor\laravel\framework\src\Illuminate\Database\Connectors\MySqlConnector.php(22): Illuminate\Database\Connectors\Connector->createConnection('mysql:host=%hos...', Array, Array)
#2 E:\WebServer\htdocs\creativeArts\vendor\laravel\framework\src\Illuminate\Database\Connectors\ConnectionFactory.php(60): Illuminate\Database\Connectors\MySqlConnector->connect(Array)
#3 E:\WebServer\htdocs\creativeArts\vendor\laravel\framework\src\Illuminate\Database\Connectors\ConnectionFactory.php(49): Illuminate\Database\Connectors\ConnectionFactory->createSingleConnection(Array)
#4 E:\WebServer\htdocs\creativeArts\vendor\laravel\framework\src\Illuminate\Database\DatabaseManager.php(175): Illuminate\Database\Connectors\ConnectionFactory->make(Array, 'mysql')
#5 E:\WebServer\htdocs\creativeArts\vendor\laravel\framework\src\Illuminate\Database\DatabaseManager.php(67): Illuminate\Database\DatabaseManager->makeConnection('mysql')
#6 E:\WebServer\htdocs\creativeArts\vendor\laravel\framework\src\Illuminate\Database\Eloquent\Model.php(3269): Illuminate\Database\DatabaseManager->connection(NULL)
#7 E:\WebServer\htdocs\creativeArts\vendor\laravel\framework\src\Illuminate\Database\Eloquent\Model.php(3235): Illuminate\Database\Eloquent\Model::resolveConnection(NULL)
#8 E:\WebServer\htdocs\creativeArts\vendor\laravel\framework\src\Illuminate\Database\Eloquent\Model.php(1915): Illuminate\Database\Eloquent\Model->getConnection()
#9 E:\WebServer\htdocs\creativeArts\vendor\laravel\framework\src\Illuminate\Database\Eloquent\Model.php(1858): Illuminate\Database\Eloquent\Model->newBaseQueryBuilder()
#10 E:\WebServer\htdocs\creativeArts\vendor\laravel\framework\src\Illuminate\Database\Eloquent\Model.php(1832): Illuminate\Database\Eloquent\Model->newQueryWithoutScopes()
#11 E:\WebServer\htdocs\creativeArts\vendor\laravel\framework\src\Illuminate\Database\Eloquent\Model.php(736): Illuminate\Database\Eloquent\Model->newQuery()
#12 E:\WebServer\htdocs\creativeArts\app\Http\Controllers\DashboardController.php(163): Illuminate\Database\Eloquent\Model::with('role')
#13 [internal function]: App\Http\Controllers\DashboardController->home()
#14 E:\WebServer\htdocs\creativeArts\vendor\laravel\framework\src\Illuminate\Routing\Controller.php(256): call_user_func_array(Array, Array)
#15 E:\WebServer\htdocs\creativeArts\vendor\laravel\framework\src\Illuminate\Routing\ControllerDispatcher.php(164): Illuminate\Routing\Controller->callAction('home', Array)
#16 E:\WebServer\htdocs\creativeArts\vendor\laravel\framework\src\Illuminate\Routing\ControllerDispatcher.php(112): Illuminate\Routing\ControllerDispatcher->call(Object(App\Http\Controllers\DashboardController), Object(Illuminate\Routing\Route), 'home')
#17 [internal function]: Illuminate\Routing\ControllerDispatcher->Illuminate\Routing\{closure}(Object(Illuminate\Http\Request))
#18 E:\WebServer\htdocs\creativeArts\vendor\laravel\framework\src\Illuminate\Pipeline\Pipeline.php(139): call_user_func(Object(Closure), Object(Illuminate\Http\Request))
#19 [internal function]: Illuminate\Pipeline\Pipeline->Illuminate\Pipeline\{closure}(Object(Illuminate\Http\Request))
#20 E:\WebServer\htdocs\creativeArts\vendor\laravel\framework\src\Illuminate\Pipeline\Pipeline.php(103): call_user_func(Object(Closure), Object(Illuminate\Http\Request))
#21 E:\WebServer\htdocs\creativeArts\vendor\laravel\framework\src\Illuminate\Routing\ControllerDispatcher.php(114): Illuminate\Pipeline\Pipeline->then(Object(Closure))
#22 E:\WebServer\htdocs\creativeArts\vendor\laravel\framework\src\Illuminate\Routing\ControllerDispatcher.php(69): Illuminate\Routing\ControllerDispatcher->callWithinStack(Object(App\Http\Controllers\DashboardController), Object(Illuminate\Routing\Route), Object(Illuminate\Http\Request), 'home')
#23 E:\WebServer\htdocs\creativeArts\vendor\laravel\framework\src\Illuminate\Routing\Route.php(203): Illuminate\Routing\ControllerDispatcher->dispatch(Object(Illuminate\Routing\Route), Object(Illuminate\Http\Request), 'App\\Http\\Contro...', 'home')
#24 E:\WebServer\htdocs\creativeArts\vendor\laravel\framework\src\Illuminate\Routing\Route.php(134): Illuminate\Routing\Route->runWithCustomDispatcher(Object(Illuminate\Http\Request))
#25 E:\WebServer\htdocs\creativeArts\vendor\laravel\framework\src\Illuminate\Routing\Router.php(708): Illuminate\Routing\Route->run(Object(Illuminate\Http\Request))
#26 [internal function]: Illuminate\Routing\Router->Illuminate\Routing\{closure}(Object(Illuminate\Http\Request))
#27 E:\WebServer\htdocs\creativeArts\vendor\laravel\framework\src\Illuminate\Pipeline\Pipeline.php(139): call_user_func(Object(Closure), Object(Illuminate\Http\Request))
#28 [internal function]: Illuminate\Pipeline\Pipeline->Illuminate\Pipeline\{closure}(Object(Illuminate\Http\Request))
#29 E:\WebServer\htdocs\creativeArts\vendor\laravel\framework\src\Illuminate\Pipeline\Pipeline.php(103): call_user_func(Object(Closure), Object(Illuminate\Http\Request))
#30 E:\WebServer\htdocs\creativeArts\vendor\laravel\framework\src\Illuminate\Routing\Router.php(710): Illuminate\Pipeline\Pipeline->then(Object(Closure))
#31 E:\WebServer\htdocs\creativeArts\vendor\laravel\framework\src\Illuminate\Routing\Router.php(675): Illuminate\Routing\Router->runRouteWithinStack(Object(Illuminate\Routing\Route), Object(Illuminate\Http\Request))
#32 E:\WebServer\htdocs\creativeArts\vendor\laravel\framework\src\Illuminate\Routing\Router.php(635): Illuminate\Routing\Router->dispatchToRoute(Object(Illuminate\Http\Request))
#33 E:\WebServer\htdocs\creativeArts\vendor\laravel\framework\src\Illuminate\Foundation\Http\Kernel.php(236): Illuminate\Routing\Router->dispatch(Object(Illuminate\Http\Request))
#34 [internal function]: Illuminate\Foundation\Http\Kernel->Illuminate\Foundation\Http\{closure}(Object(Illuminate\Http\Request))
#35 E:\WebServer\htdocs\creativeArts\vendor\laravel\framework\src\Illuminate\Pipeline\Pipeline.php(139): call_user_func(Object(Closure), Object(Illuminate\Http\Request))
#36 E:\WebServer\htdocs\creativeArts\app\Http\Middleware\WMLabMiddleware.php(122): Illuminate\Pipeline\Pipeline->Illuminate\Pipeline\{closure}(Object(Illuminate\Http\Request))
#37 [internal function]: App\Http\Middleware\WMLabMiddleware->handle(Object(Illuminate\Http\Request), Object(Closure))
#38 E:\WebServer\htdocs\creativeArts\vendor\laravel\framework\src\Illuminate\Pipeline\Pipeline.php(124): call_user_func_array(Array, Array)
#39 E:\WebServer\htdocs\creativeArts\vendor\laravel\framework\src\Illuminate\Foundation\Http\Middleware\VerifyCsrfToken.php(50): Illuminate\Pipeline\Pipeline->Illuminate\Pipeline\{closure}(Object(Illuminate\Http\Request))
#40 [internal function]: Illuminate\Foundation\Http\Middleware\VerifyCsrfToken->handle(Object(Illuminate\Http\Request), Object(Closure))
#41 E:\WebServer\htdocs\creativeArts\vendor\laravel\framework\src\Illuminate\Pipeline\Pipeline.php(124): call_user_func_array(Array, Array)
#42 E:\WebServer\htdocs\creativeArts\vendor\laravel\framework\src\Illuminate\View\Middleware\ShareErrorsFromSession.php(49): Illuminate\Pipeline\Pipeline->Illuminate\Pipeline\{closure}(Object(Illuminate\Http\Request))
#43 [internal function]: Illuminate\View\Middleware\ShareErrorsFromSession->handle(Object(Illuminate\Http\Request), Object(Closure))
#44 E:\WebServer\htdocs\creativeArts\vendor\laravel\framework\src\Illuminate\Pipeline\Pipeline.php(124): call_user_func_array(Array, Array)
#45 E:\WebServer\htdocs\creativeArts\vendor\laravel\framework\src\Illuminate\Session\Middleware\StartSession.php(62): Illuminate\Pipeline\Pipeline->Illuminate\Pipeline\{closure}(Object(Illuminate\Http\Request))
#46 [internal function]: Illuminate\Session\Middleware\StartSession->handle(Object(Illuminate\Http\Request), Object(Closure))
#47 E:\WebServer\htdocs\creativeArts\vendor\laravel\framework\src\Illuminate\Pipeline\Pipeline.php(124): call_user_func_array(Array, Array)
#48 E:\WebServer\htdocs\creativeArts\vendor\laravel\framework\src\Illuminate\Cookie\Middleware\AddQueuedCookiesToResponse.php(37): Illuminate\Pipeline\Pipeline->Illuminate\Pipeline\{closure}(Object(Illuminate\Http\Request))
#49 [internal function]: Illuminate\Cookie\Middleware\AddQueuedCookiesToResponse->handle(Object(Illuminate\Http\Request), Object(Closure))
#50 E:\WebServer\htdocs\creativeArts\vendor\laravel\framework\src\Illuminate\Pipeline\Pipeline.php(124): call_user_func_array(Array, Array)
#51 E:\WebServer\htdocs\creativeArts\vendor\laravel\framework\src\Illuminate\Cookie\Middleware\EncryptCookies.php(59): Illuminate\Pipeline\Pipeline->Illuminate\Pipeline\{closure}(Object(Illuminate\Http\Request))
#52 [internal function]: Illuminate\Cookie\Middleware\EncryptCookies->handle(Object(Illuminate\Http\Request), Object(Closure))
#53 E:\WebServer\htdocs\creativeArts\vendor\laravel\framework\src\Illuminate\Pipeline\Pipeline.php(124): call_user_func_array(Array, Array)
#54 E:\WebServer\htdocs\creativeArts\vendor\laravel\framework\src\Illuminate\Foundation\Http\Middleware\CheckForMaintenanceMode.php(44): Illuminate\Pipeline\Pipeline->Illuminate\Pipeline\{closure}(Object(Illuminate\Http\Request))
#55 [internal function]: Illuminate\Foundation\Http\Middleware\CheckForMaintenanceMode->handle(Object(Illuminate\Http\Request), Object(Closure))
#56 E:\WebServer\htdocs\creativeArts\vendor\laravel\framework\src\Illuminate\Pipeline\Pipeline.php(124): call_user_func_array(Array, Array)
#57 [internal function]: Illuminate\Pipeline\Pipeline->Illuminate\Pipeline\{closure}(Object(Illuminate\Http\Request))
#58 E:\WebServer\htdocs\creativeArts\vendor\laravel\framework\src\Illuminate\Pipeline\Pipeline.php(103): call_user_func(Object(Closure), Object(Illuminate\Http\Request))
#59 E:\WebServer\htdocs\creativeArts\vendor\laravel\framework\src\Illuminate\Foundation\Http\Kernel.php(122): Illuminate\Pipeline\Pipeline->then(Object(Closure))
#60 E:\WebServer\htdocs\creativeArts\vendor\laravel\framework\src\Illuminate\Foundation\Http\Kernel.php(87): Illuminate\Foundation\Http\Kernel->sendRequestThroughRouter(Object(Illuminate\Http\Request))
#61 E:\WebServer\htdocs\creativeArts\public\index.php(54): Illuminate\Foundation\Http\Kernel->handle(Object(Illuminate\Http\Request))
#62 {main}  
[2016-01-07 18:54:16] local.ERROR: exception 'PDOException' with message 'SQLSTATE[42S02]: Base table or view not found: 1146 Table 'creativearts.pages' doesn't exist' in E:\WebServer\htdocs\creativeArts\vendor\laravel\framework\src\Illuminate\Database\Connection.php:319
Stack trace:
#0 E:\WebServer\htdocs\creativeArts\vendor\laravel\framework\src\Illuminate\Database\Connection.php(319): PDO->prepare('select * from `...')
#1 E:\WebServer\htdocs\creativeArts\vendor\laravel\framework\src\Illuminate\Database\Connection.php(644): Illuminate\Database\Connection->Illuminate\Database\{closure}(Object(Illuminate\Database\MySqlConnection), 'select * from `...', Array)
#2 E:\WebServer\htdocs\creativeArts\vendor\laravel\framework\src\Illuminate\Database\Connection.php(611): Illuminate\Database\Connection->runQueryCallback('select * from `...', Array, Object(Closure))
#3 E:\WebServer\htdocs\creativeArts\vendor\laravel\framework\src\Illuminate\Database\Connection.php(324): Illuminate\Database\Connection->run('select * from `...', Array, Object(Closure))
#4 E:\WebServer\htdocs\creativeArts\vendor\laravel\framework\src\Illuminate\Database\Query\Builder.php(1406): Illuminate\Database\Connection->select('select * from `...', Array, true)
#5 E:\WebServer\htdocs\creativeArts\vendor\laravel\framework\src\Illuminate\Database\Query\Builder.php(1383): Illuminate\Database\Query\Builder->runSelect()
#6 E:\WebServer\htdocs\creativeArts\vendor\laravel\framework\src\Illuminate\Database\Eloquent\Builder.php(409): Illuminate\Database\Query\Builder->get(Array)
#7 E:\WebServer\htdocs\creativeArts\vendor\laravel\framework\src\Illuminate\Database\Eloquent\Builder.php(168): Illuminate\Database\Eloquent\Builder->getModels(Array)
#8 E:\WebServer\htdocs\creativeArts\app\Http\Middleware\WMLabMiddleware.php(72): Illuminate\Database\Eloquent\Builder->get()
#9 [internal function]: App\Http\Middleware\WMLabMiddleware->handle(Object(Illuminate\Http\Request), Object(Closure))
#10 E:\WebServer\htdocs\creativeArts\vendor\laravel\framework\src\Illuminate\Pipeline\Pipeline.php(124): call_user_func_array(Array, Array)
#11 E:\WebServer\htdocs\creativeArts\vendor\laravel\framework\src\Illuminate\Foundation\Http\Middleware\VerifyCsrfToken.php(50): Illuminate\Pipeline\Pipeline->Illuminate\Pipeline\{closure}(Object(Illuminate\Http\Request))
#12 [internal function]: Illuminate\Foundation\Http\Middleware\VerifyCsrfToken->handle(Object(Illuminate\Http\Request), Object(Closure))
#13 E:\WebServer\htdocs\creativeArts\vendor\laravel\framework\src\Illuminate\Pipeline\Pipeline.php(124): call_user_func_array(Array, Array)
#14 E:\WebServer\htdocs\creativeArts\vendor\laravel\framework\src\Illuminate\View\Middleware\ShareErrorsFromSession.php(49): Illuminate\Pipeline\Pipeline->Illuminate\Pipeline\{closure}(Object(Illuminate\Http\Request))
#15 [internal function]: Illuminate\View\Middleware\ShareErrorsFromSession->handle(Object(Illuminate\Http\Request), Object(Closure))
#16 E:\WebServer\htdocs\creativeArts\vendor\laravel\framework\src\Illuminate\Pipeline\Pipeline.php(124): call_user_func_array(Array, Array)
#17 E:\WebServer\htdocs\creativeArts\vendor\laravel\framework\src\Illuminate\Session\Middleware\StartSession.php(62): Illuminate\Pipeline\Pipeline->Illuminate\Pipeline\{closure}(Object(Illuminate\Http\Request))
#18 [internal function]: Illuminate\Session\Middleware\StartSession->handle(Object(Illuminate\Http\Request), Object(Closure))
#19 E:\WebServer\htdocs\creativeArts\vendor\laravel\framework\src\Illuminate\Pipeline\Pipeline.php(124): call_user_func_array(Array, Array)
#20 E:\WebServer\htdocs\creativeArts\vendor\laravel\framework\src\Illuminate\Cookie\Middleware\AddQueuedCookiesToResponse.php(37): Illuminate\Pipeline\Pipeline->Illuminate\Pipeline\{closure}(Object(Illuminate\Http\Request))
#21 [internal function]: Illuminate\Cookie\Middleware\AddQueuedCookiesToResponse->handle(Object(Illuminate\Http\Request), Object(Closure))
#22 E:\WebServer\htdocs\creativeArts\vendor\laravel\framework\src\Illuminate\Pipeline\Pipeline.php(124): call_user_func_array(Array, Array)
#23 E:\WebServer\htdocs\creativeArts\vendor\laravel\framework\src\Illuminate\Cookie\Middleware\EncryptCookies.php(59): Illuminate\Pipeline\Pipeline->Illuminate\Pipeline\{closure}(Object(Illuminate\Http\Request))
#24 [internal function]: Illuminate\Cookie\Middleware\EncryptCookies->handle(Object(Illuminate\Http\Request), Object(Closure))
#25 E:\WebServer\htdocs\creativeArts\vendor\laravel\framework\src\Illuminate\Pipeline\Pipeline.php(124): call_user_func_array(Array, Array)
#26 E:\WebServer\htdocs\creativeArts\vendor\laravel\framework\src\Illuminate\Foundation\Http\Middleware\CheckForMaintenanceMode.php(44): Illuminate\Pipeline\Pipeline->Illuminate\Pipeline\{closure}(Object(Illuminate\Http\Request))
#27 [internal function]: Illuminate\Foundation\Http\Middleware\CheckForMaintenanceMode->handle(Object(Illuminate\Http\Request), Object(Closure))
#28 E:\WebServer\htdocs\creativeArts\vendor\laravel\framework\src\Illuminate\Pipeline\Pipeline.php(124): call_user_func_array(Array, Array)
#29 [internal function]: Illuminate\Pipeline\Pipeline->Illuminate\Pipeline\{closure}(Object(Illuminate\Http\Request))
#30 E:\WebServer\htdocs\creativeArts\vendor\laravel\framework\src\Illuminate\Pipeline\Pipeline.php(103): call_user_func(Object(Closure), Object(Illuminate\Http\Request))
#31 E:\WebServer\htdocs\creativeArts\vendor\laravel\framework\src\Illuminate\Foundation\Http\Kernel.php(122): Illuminate\Pipeline\Pipeline->then(Object(Closure))
#32 E:\WebServer\htdocs\creativeArts\vendor\laravel\framework\src\Illuminate\Foundation\Http\Kernel.php(87): Illuminate\Foundation\Http\Kernel->sendRequestThroughRouter(Object(Illuminate\Http\Request))
#33 E:\WebServer\htdocs\creativeArts\public\index.php(54): Illuminate\Foundation\Http\Kernel->handle(Object(Illuminate\Http\Request))
#34 {main}

Next exception 'Illuminate\Database\QueryException' with message 'SQLSTATE[42S02]: Base table or view not found: 1146 Table 'creativearts.pages' doesn't exist (SQL: select * from `pages` where `published` = 1 and `sign_in_only` = 0)' in E:\WebServer\htdocs\creativeArts\vendor\laravel\framework\src\Illuminate\Database\Connection.php:651
Stack trace:
#0 E:\WebServer\htdocs\creativeArts\vendor\laravel\framework\src\Illuminate\Database\Connection.php(611): Illuminate\Database\Connection->runQueryCallback('select * from `...', Array, Object(Closure))
#1 E:\WebServer\htdocs\creativeArts\vendor\laravel\framework\src\Illuminate\Database\Connection.php(324): Illuminate\Database\Connection->run('select * from `...', Array, Object(Closure))
#2 E:\WebServer\htdocs\creativeArts\vendor\laravel\framework\src\Illuminate\Database\Query\Builder.php(1406): Illuminate\Database\Connection->select('select * from `...', Array, true)
#3 E:\WebServer\htdocs\creativeArts\vendor\laravel\framework\src\Illuminate\Database\Query\Builder.php(1383): Illuminate\Database\Query\Builder->runSelect()
#4 E:\WebServer\htdocs\creativeArts\vendor\laravel\framework\src\Illuminate\Database\Eloquent\Builder.php(409): Illuminate\Database\Query\Builder->get(Array)
#5 E:\WebServer\htdocs\creativeArts\vendor\laravel\framework\src\Illuminate\Database\Eloquent\Builder.php(168): Illuminate\Database\Eloquent\Builder->getModels(Array)
#6 E:\WebServer\htdocs\creativeArts\app\Http\Middleware\WMLabMiddleware.php(72): Illuminate\Database\Eloquent\Builder->get()
#7 [internal function]: App\Http\Middleware\WMLabMiddleware->handle(Object(Illuminate\Http\Request), Object(Closure))
#8 E:\WebServer\htdocs\creativeArts\vendor\laravel\framework\src\Illuminate\Pipeline\Pipeline.php(124): call_user_func_array(Array, Array)
#9 E:\WebServer\htdocs\creativeArts\vendor\laravel\framework\src\Illuminate\Foundation\Http\Middleware\VerifyCsrfToken.php(50): Illuminate\Pipeline\Pipeline->Illuminate\Pipeline\{closure}(Object(Illuminate\Http\Request))
#10 [internal function]: Illuminate\Foundation\Http\Middleware\VerifyCsrfToken->handle(Object(Illuminate\Http\Request), Object(Closure))
#11 E:\WebServer\htdocs\creativeArts\vendor\laravel\framework\src\Illuminate\Pipeline\Pipeline.php(124): call_user_func_array(Array, Array)
#12 E:\WebServer\htdocs\creativeArts\vendor\laravel\framework\src\Illuminate\View\Middleware\ShareErrorsFromSession.php(49): Illuminate\Pipeline\Pipeline->Illuminate\Pipeline\{closure}(Object(Illuminate\Http\Request))
#13 [internal function]: Illuminate\View\Middleware\ShareErrorsFromSession->handle(Object(Illuminate\Http\Request), Object(Closure))
#14 E:\WebServer\htdocs\creativeArts\vendor\laravel\framework\src\Illuminate\Pipeline\Pipeline.php(124): call_user_func_array(Array, Array)
#15 E:\WebServer\htdocs\creativeArts\vendor\laravel\framework\src\Illuminate\Session\Middleware\StartSession.php(62): Illuminate\Pipeline\Pipeline->Illuminate\Pipeline\{closure}(Object(Illuminate\Http\Request))
#16 [internal function]: Illuminate\Session\Middleware\StartSession->handle(Object(Illuminate\Http\Request), Object(Closure))
#17 E:\WebServer\htdocs\creativeArts\vendor\laravel\framework\src\Illuminate\Pipeline\Pipeline.php(124): call_user_func_array(Array, Array)
#18 E:\WebServer\htdocs\creativeArts\vendor\laravel\framework\src\Illuminate\Cookie\Middleware\AddQueuedCookiesToResponse.php(37): Illuminate\Pipeline\Pipeline->Illuminate\Pipeline\{closure}(Object(Illuminate\Http\Request))
#19 [internal function]: Illuminate\Cookie\Middleware\AddQueuedCookiesToResponse->handle(Object(Illuminate\Http\Request), Object(Closure))
#20 E:\WebServer\htdocs\creativeArts\vendor\laravel\framework\src\Illuminate\Pipeline\Pipeline.php(124): call_user_func_array(Array, Array)
#21 E:\WebServer\htdocs\creativeArts\vendor\laravel\framework\src\Illuminate\Cookie\Middleware\EncryptCookies.php(59): Illuminate\Pipeline\Pipeline->Illuminate\Pipeline\{closure}(Object(Illuminate\Http\Request))
#22 [internal function]: Illuminate\Cookie\Middleware\EncryptCookies->handle(Object(Illuminate\Http\Request), Object(Closure))
#23 E:\WebServer\htdocs\creativeArts\vendor\laravel\framework\src\Illuminate\Pipeline\Pipeline.php(124): call_user_func_array(Array, Array)
#24 E:\WebServer\htdocs\creativeArts\vendor\laravel\framework\src\Illuminate\Foundation\Http\Middleware\CheckForMaintenanceMode.php(44): Illuminate\Pipeline\Pipeline->Illuminate\Pipeline\{closure}(Object(Illuminate\Http\Request))
#25 [internal function]: Illuminate\Foundation\Http\Middleware\CheckForMaintenanceMode->handle(Object(Illuminate\Http\Request), Object(Closure))
#26 E:\WebServer\htdocs\creativeArts\vendor\laravel\framework\src\Illuminate\Pipeline\Pipeline.php(124): call_user_func_array(Array, Array)
#27 [internal function]: Illuminate\Pipeline\Pipeline->Illuminate\Pipeline\{closure}(Object(Illuminate\Http\Request))
#28 E:\WebServer\htdocs\creativeArts\vendor\laravel\framework\src\Illuminate\Pipeline\Pipeline.php(103): call_user_func(Object(Closure), Object(Illuminate\Http\Request))
#29 E:\WebServer\htdocs\creativeArts\vendor\laravel\framework\src\Illuminate\Foundation\Http\Kernel.php(122): Illuminate\Pipeline\Pipeline->then(Object(Closure))
#30 E:\WebServer\htdocs\creativeArts\vendor\laravel\framework\src\Illuminate\Foundation\Http\Kernel.php(87): Illuminate\Foundation\Http\Kernel->sendRequestThroughRouter(Object(Illuminate\Http\Request))
#31 E:\WebServer\htdocs\creativeArts\public\index.php(54): Illuminate\Foundation\Http\Kernel->handle(Object(Illuminate\Http\Request))
#32 {main}  
